<?xml version="1.0" encoding="UTF-8"?>
<!-- Generated by org.testng.reporters.JUnitReportReporter -->
<testsuite hostname="INH-LT551" failures="0" tests="1" name="cloud.tests.AR.AR_USA.CreatingReceiptsandApplyITC_Test" time="158.490" errors="0" timestamp="29 Jun 2021 10:31:18 GMT" skipped="0">
  <testcase classname="cloud.tests.AR.AR_USA.CreatingReceiptsandApplyITC_Test" name="executeTest" time="158.490"/>
</testsuite> <!-- cloud.tests.AR.AR_USA.CreatingReceiptsandApplyITC_Test -->
