<?xml version="1.0" encoding="UTF-8"?>
<!-- Generated by org.testng.reporters.JUnitReportReporter -->
<testsuite skipped="0" hostname="INH-LT11" name="cloud.tests.AP_Argentina.CreatingManualInvoicesITC_Test" tests="1" failures="0" timestamp="28 Apr 2021 10:10:37 GMT" time="250.494" errors="0">
  <testcase name="executeTest" time="250.494" classname="cloud.tests.AP_Argentina.CreatingManualInvoicesITC_Test"/>
</testsuite> <!-- cloud.tests.AP_Argentina.CreatingManualInvoicesITC_Test -->
