<?xml version="1.0" encoding="UTF-8"?>
<!-- Generated by org.testng.reporters.JUnitReportReporter -->
<testsuite skipped="0" hostname="INH-LT11" name="cloud.tests.GL_Argentina.EnteringJournalsManuallyITC_Test" tests="1" failures="0" timestamp="13 May 2021 05:56:59 GMT" time="110.104" errors="0">
  <testcase name="executeTest" time="110.104" classname="cloud.tests.GL_Argentina.EnteringJournalsManuallyITC_Test"/>
</testsuite> <!-- cloud.tests.GL_Argentina.EnteringJournalsManuallyITC_Test -->
