<?xml version="1.0" encoding="UTF-8"?>
<!-- Generated by org.testng.reporters.JUnitReportReporter -->
<testsuite hostname="INH-LT551" failures="0" tests="1" name="cloud.tests.AR.AR_Argentina.CreatingRegularInvoicesITC_Test" time="255.900" errors="0" timestamp="29 Jun 2021 11:07:13 GMT" skipped="0">
  <testcase classname="cloud.tests.AR.AR_Argentina.CreatingRegularInvoicesITC_Test" name="executeTest" time="255.900"/>
</testsuite> <!-- cloud.tests.AR.AR_Argentina.CreatingRegularInvoicesITC_Test -->
