<?xml version="1.0" encoding="UTF-8"?>
<!-- Generated by org.testng.reporters.JUnitReportReporter -->
<testsuite skipped="0" hostname="INH-LT11" name="cloud.tests.HCM_USA.TimeEntryITC_Test" tests="1" failures="0" timestamp="05 May 2021 05:27:29 GMT" time="136.185" errors="0">
  <testcase name="executeTest" time="136.185" classname="cloud.tests.HCM_USA.TimeEntryITC_Test"/>
</testsuite> <!-- cloud.tests.HCM_USA.TimeEntryITC_Test -->
