<?xml version="1.0" encoding="UTF-8"?>
<!-- Generated by org.testng.reporters.JUnitReportReporter -->
<testsuite hostname="INH-LT551" failures="0" tests="1" name="cloud.tests.iExpense.iExpense_Argentina.CreatingExpenseReportITC_Test" time="160.524" errors="0" timestamp="24 Jun 2021 14:54:22 GMT" skipped="0">
  <testcase classname="cloud.tests.iExpense.iExpense_Argentina.CreatingExpenseReportITC_Test" name="executeTest" time="160.524"/>
</testsuite> <!-- cloud.tests.iExpense.iExpense_Argentina.CreatingExpenseReportITC_Test -->
