<?xml version="1.0" encoding="UTF-8"?>
<!-- Generated by org.testng.reporters.JUnitReportReporter -->
<testsuite skipped="0" hostname="INH-LT11" name="cloud.tests.HCM_Argentina.AddingAnContingentWorkerITC_Test" tests="1" failures="0" timestamp="03 May 2021 10:02:00 GMT" time="186.628" errors="0">
  <testcase name="executeTest" time="186.628" classname="cloud.tests.HCM_Argentina.AddingAnContingentWorkerITC_Test"/>
</testsuite> <!-- cloud.tests.HCM_Argentina.AddingAnContingentWorkerITC_Test -->
