<?xml version="1.0" encoding="UTF-8"?>
<!-- Generated by org.testng.reporters.JUnitReportReporter -->
<testsuite skipped="0" hostname="INH-LT11" name="cloud.tests.AP.AP_Argentina.CreatingManualInvoicesITC_Test" tests="1" failures="0" timestamp="26 May 2021 14:44:24 GMT" time="184.538" errors="0">
  <testcase name="executeTest" time="184.538" classname="cloud.tests.AP.AP_Argentina.CreatingManualInvoicesITC_Test"/>
</testsuite> <!-- cloud.tests.AP.AP_Argentina.CreatingManualInvoicesITC_Test -->
