<?xml version="1.0" encoding="UTF-8"?>
<!-- Generated by org.testng.reporters.JUnitReportReporter -->
<testsuite skipped="0" hostname="INH-LT11" name="cloud.tests.HCM_Argentina.TimeEntryITC_Test" tests="1" failures="0" timestamp="05 May 2021 06:15:35 GMT" time="139.656" errors="0">
  <testcase name="executeTest" time="139.656" classname="cloud.tests.HCM_Argentina.TimeEntryITC_Test"/>
</testsuite> <!-- cloud.tests.HCM_Argentina.TimeEntryITC_Test -->
