<?xml version="1.0" encoding="UTF-8"?>
<!-- Generated by org.testng.reporters.JUnitReportReporter -->
<testsuite hostname="INH-LT551" failures="0" tests="1" name="cloud.tests.iExpense.iExpense_USA.AuditingExpenseReportITC_Test" time="323.888" errors="0" timestamp="14 Jun 2021 12:11:21 GMT" skipped="0">
  <testcase classname="cloud.tests.iExpense.iExpense_USA.AuditingExpenseReportITC_Test" name="executeTest" time="323.888"/>
</testsuite> <!-- cloud.tests.iExpense.iExpense_USA.AuditingExpenseReportITC_Test -->
