<?xml version="1.0" encoding="UTF-8"?>
<!-- Generated by org.testng.reporters.JUnitReportReporter -->
<testsuite hostname="INH-LT551" failures="0" tests="1" name="cloud.tests.iExpense.iExpense_India.CreatingExpenseReportITC_Test" time="163.935" errors="0" timestamp="14 Jun 2021 12:24:08 GMT" skipped="0">
  <testcase classname="cloud.tests.iExpense.iExpense_India.CreatingExpenseReportITC_Test" name="executeTest" time="163.935"/>
</testsuite> <!-- cloud.tests.iExpense.iExpense_India.CreatingExpenseReportITC_Test -->
