<?xml version="1.0" encoding="UTF-8"?>
<!-- Generated by org.testng.reporters.JUnitReportReporter -->
<testsuite hostname="INH-LT551" failures="0" tests="1" name="cloud.tests.AR.AR_Argentina.CreatingCustomerITC_Test" time="191.959" errors="0" timestamp="29 Jun 2021 06:13:24 GMT" skipped="0">
  <testcase classname="cloud.tests.AR.AR_Argentina.CreatingCustomerITC_Test" name="executeTest" time="191.959"/>
</testsuite> <!-- cloud.tests.AR.AR_Argentina.CreatingCustomerITC_Test -->
