<?xml version="1.0" encoding="UTF-8"?>
<!-- Generated by org.testng.reporters.JUnitReportReporter -->
<testsuite skipped="0" hostname="INH-LT11" name="cloud.tests.HCM_USA.AddingAnContingentWorkerITC_Test" tests="1" failures="0" timestamp="03 May 2021 09:44:38 GMT" time="171.706" errors="0">
  <testcase name="executeTest" time="171.706" classname="cloud.tests.HCM_USA.AddingAnContingentWorkerITC_Test"/>
</testsuite> <!-- cloud.tests.HCM_USA.AddingAnContingentWorkerITC_Test -->
