<?xml version="1.0" encoding="UTF-8"?>
<!-- Generated by org.testng.reporters.JUnitReportReporter -->
<testsuite skipped="0" hostname="INH-LT11" name="cloud.tests.HCM_USA.AbseneceEntryITC_Test" tests="1" failures="0" timestamp="29 Apr 2021 06:44:02 GMT" time="63.603" errors="0">
  <testcase name="executeTest" time="63.603" classname="cloud.tests.HCM_USA.AbseneceEntryITC_Test"/>
</testsuite> <!-- cloud.tests.HCM_USA.AbseneceEntryITC_Test -->
