<?xml version="1.0" encoding="UTF-8"?>
<!-- Generated by org.testng.reporters.JUnitReportReporter -->
<testsuite skipped="0" hostname="INH-LT11" name="cloud.tests.AP_USA.OpenClosePeriodsITC_Test" tests="1" failures="0" timestamp="28 Apr 2021 09:25:44 GMT" time="86.655" errors="0">
  <testcase name="executeTest" time="86.655" classname="cloud.tests.AP_USA.OpenClosePeriodsITC_Test"/>
</testsuite> <!-- cloud.tests.AP_USA.OpenClosePeriodsITC_Test -->
