<?xml version="1.0" encoding="UTF-8"?>
<!-- Generated by org.testng.reporters.JUnitReportReporter -->
<testsuite skipped="0" hostname="INH-LT11" name="cloud.tests.AP_USA.CreatingManualInvoicesITC_Test" tests="1" failures="0" timestamp="27 Apr 2021 08:57:13 GMT" time="152.555" errors="0">
  <testcase name="executeTest" time="152.555" classname="cloud.tests.AP_USA.CreatingManualInvoicesITC_Test"/>
</testsuite> <!-- cloud.tests.AP_USA.CreatingManualInvoicesITC_Test -->
