<?xml version="1.0" encoding="UTF-8"?>
<!-- Generated by org.testng.reporters.JUnitReportReporter -->
<testsuite hostname="INH-LT551" failures="0" tests="1" name="cloud.tests.AR.AR_USA.CreatingRegularInvoicesITC_Test" time="195.160" errors="0" timestamp="01 Jul 2021 13:00:33 GMT" skipped="0">
  <testcase classname="cloud.tests.AR.AR_USA.CreatingRegularInvoicesITC_Test" name="executeTest" time="195.160"/>
</testsuite> <!-- cloud.tests.AR.AR_USA.CreatingRegularInvoicesITC_Test -->
