<?xml version="1.0" encoding="UTF-8"?>
<!-- Generated by org.testng.reporters.JUnitReportReporter -->
<testsuite skipped="0" hostname="INH-LT11" name="cloud.tests.GL_USA.CreatingParametersforRevaluationITC_Test" tests="1" failures="0" timestamp="07 May 2021 05:46:16 GMT" time="132.482" errors="0">
  <testcase name="executeTest" time="132.482" classname="cloud.tests.GL_USA.CreatingParametersforRevaluationITC_Test"/>
</testsuite> <!-- cloud.tests.GL_USA.CreatingParametersforRevaluationITC_Test -->
