<?xml version="1.0" encoding="UTF-8"?>
<!-- Generated by org.testng.reporters.JUnitReportReporter -->
<testsuite skipped="0" hostname="INH-LT11" name="cloud.tests.AP_Argentina.CreateAccountingITC_Test" tests="1" failures="0" timestamp="27 Apr 2021 10:43:36 GMT" time="69.726" errors="0">
  <testcase name="executeTest" time="69.726" classname="cloud.tests.AP_Argentina.CreateAccountingITC_Test"/>
</testsuite> <!-- cloud.tests.AP_Argentina.CreateAccountingITC_Test -->
