<?xml version="1.0" encoding="UTF-8"?>
<!-- Generated by org.testng.reporters.JUnitReportReporter -->
<testsuite hostname="INH-LT551" failures="0" tests="1" name="cloud.tests.GL.GL_USA.ClosingPeriodsITC_Test" time="80.757" errors="0" timestamp="15 Jun 2021 11:51:58 GMT" skipped="0">
  <testcase classname="cloud.tests.GL.GL_USA.ClosingPeriodsITC_Test" name="executeTest" time="80.757"/>
</testsuite> <!-- cloud.tests.GL.GL_USA.ClosingPeriodsITC_Test -->
