<?xml version="1.0" encoding="UTF-8"?>
<!-- Generated by org.testng.reporters.JUnitReportReporter -->
<testsuite skipped="0" hostname="INH-LT11" name="cloud.tests.HCM.HCM_Argentina.HireAnEmployeeITC_Test" tests="1" failures="0" timestamp="27 May 2021 06:11:20 GMT" time="223.815" errors="0">
  <testcase name="executeTest" time="223.815" classname="cloud.tests.HCM.HCM_Argentina.HireAnEmployeeITC_Test"/>
</testsuite> <!-- cloud.tests.HCM.HCM_Argentina.HireAnEmployeeITC_Test -->
