<?xml version="1.0" encoding="UTF-8"?>
<!-- Generated by org.testng.reporters.JUnitReportReporter -->
<testsuite skipped="0" hostname="INH-LT11" name="cloud.tests.AR.AR_USA.CreatingCustomerITC_Test" tests="1" failures="0" timestamp="26 May 2021 06:43:07 GMT" time="157.584" errors="0">
  <testcase name="executeTest" time="157.584" classname="cloud.tests.AR.AR_USA.CreatingCustomerITC_Test"/>
</testsuite> <!-- cloud.tests.AR.AR_USA.CreatingCustomerITC_Test -->
