<?xml version="1.0" encoding="UTF-8"?>
<!-- Generated by org.testng.reporters.JUnitReportReporter -->
<testsuite skipped="0" hostname="INH-LT11" name="cloud.tests.AP_Argentina.OpenClosePeriodsITC_Test" tests="1" failures="0" timestamp="28 Apr 2021 07:19:33 GMT" time="137.107" errors="0">
  <testcase name="executeTest" time="137.107" classname="cloud.tests.AP_Argentina.OpenClosePeriodsITC_Test"/>
</testsuite> <!-- cloud.tests.AP_Argentina.OpenClosePeriodsITC_Test -->
