<?xml version="1.0" encoding="UTF-8"?>
<!-- Generated by org.testng.reporters.JUnitReportReporter -->
<testsuite hostname="INH-LT551" failures="0" tests="1" name="cloud.tests.AR.AR_Argentina.CreatingReceiptsandApplyITC_Test" time="172.420" errors="0" timestamp="29 Jun 2021 10:28:05 GMT" skipped="0">
  <testcase classname="cloud.tests.AR.AR_Argentina.CreatingReceiptsandApplyITC_Test" name="executeTest" time="172.420"/>
</testsuite> <!-- cloud.tests.AR.AR_Argentina.CreatingReceiptsandApplyITC_Test -->
