<?xml version="1.0" encoding="UTF-8"?>
<!-- Generated by org.testng.reporters.JUnitReportReporter -->
<testsuite skipped="0" hostname="INH-LT11" name="cloud.tests.HCM.HCM_India.AbseneceEntryITC_Test" tests="1" failures="0" timestamp="26 May 2021 05:35:59 GMT" time="84.235" errors="0">
  <testcase name="executeTest" time="84.235" classname="cloud.tests.HCM.HCM_India.AbseneceEntryITC_Test"/>
</testsuite> <!-- cloud.tests.HCM.HCM_India.AbseneceEntryITC_Test -->
