<?xml version="1.0" encoding="UTF-8"?>
<!-- Generated by org.testng.reporters.JUnitReportReporter -->
<testsuite skipped="0" hostname="INH-LT11" name="cloud.tests.iExpense.iExpense_Argentina.AuditingExpenseReportITC_Test" tests="1" failures="0" timestamp="26 May 2021 06:03:37 GMT" time="325.689" errors="0">
  <testcase name="executeTest" time="325.689" classname="cloud.tests.iExpense.iExpense_Argentina.AuditingExpenseReportITC_Test"/>
</testsuite> <!-- cloud.tests.iExpense.iExpense_Argentina.AuditingExpenseReportITC_Test -->
