<?xml version="1.0" encoding="UTF-8"?>
<!-- Generated by org.testng.reporters.JUnitReportReporter -->
<testsuite skipped="0" hostname="INH-LT11" name="cloud.tests.GL.GL_USA.ClosingPeriodsITC_Test" tests="1" failures="0" timestamp="26 May 2021 06:14:57 GMT" time="73.450" errors="0">
  <testcase name="executeTest" time="73.450" classname="cloud.tests.GL.GL_USA.ClosingPeriodsITC_Test"/>
</testsuite> <!-- cloud.tests.GL.GL_USA.ClosingPeriodsITC_Test -->
