<?xml version="1.0" encoding="UTF-8"?>
<!-- Generated by org.testng.reporters.JUnitReportReporter -->
<testsuite skipped="0" hostname="INH-LT11" name="cloud.tests.HCM_India.HireAnEmployeeITC_Test" tests="1" failures="0" timestamp="30 Apr 2021 10:41:43 GMT" time="179.168" errors="0">
  <testcase name="executeTest" time="179.168" classname="cloud.tests.HCM_India.HireAnEmployeeITC_Test"/>
</testsuite> <!-- cloud.tests.HCM_India.HireAnEmployeeITC_Test -->
