<?xml version="1.0" encoding="UTF-8"?>
<!-- Generated by org.testng.reporters.JUnitReportReporter -->
<testsuite skipped="0" hostname="INH-LT11" name="cloud.tests.AP_Argentina.CreatePaymentsITC_Test" tests="1" failures="0" timestamp="28 Apr 2021 10:23:10 GMT" time="146.422" errors="0">
  <testcase name="executeTest" time="146.422" classname="cloud.tests.AP_Argentina.CreatePaymentsITC_Test"/>
</testsuite> <!-- cloud.tests.AP_Argentina.CreatePaymentsITC_Test -->
