<?xml version="1.0" encoding="UTF-8"?>
<!-- Generated by org.testng.reporters.JUnitReportReporter -->
<testsuite skipped="0" hostname="INH-LT11" name="cloud.tests.iExpense.iExpense_India.CreatingExpenseReportITC_Test" tests="1" failures="0" timestamp="26 May 2021 05:56:39 GMT" time="164.171" errors="0">
  <testcase name="executeTest" time="164.171" classname="cloud.tests.iExpense.iExpense_India.CreatingExpenseReportITC_Test"/>
</testsuite> <!-- cloud.tests.iExpense.iExpense_India.CreatingExpenseReportITC_Test -->
