<?xml version="1.0" encoding="UTF-8"?>
<!-- Generated by org.testng.reporters.JUnitReportReporter -->
<testsuite skipped="0" hostname="INH-LT11" name="cloud.tests.GL_Argentina.CreatingParametersforRevaluationITC_Test" tests="1" failures="0" timestamp="12 May 2021 10:33:34 GMT" time="132.983" errors="0">
  <testcase name="executeTest" time="132.983" classname="cloud.tests.GL_Argentina.CreatingParametersforRevaluationITC_Test"/>
</testsuite> <!-- cloud.tests.GL_Argentina.CreatingParametersforRevaluationITC_Test -->
