<?xml version="1.0" encoding="UTF-8"?>
<!-- Generated by org.testng.reporters.JUnitReportReporter -->
<testsuite hostname="INH-LT551" failures="0" tests="1" name="cloud.tests.iExpense.iExpense_USA.CreatingExpenseReportITC_Test" time="170.201" errors="0" timestamp="11 Jun 2021 06:43:21 GMT" skipped="0">
  <testcase classname="cloud.tests.iExpense.iExpense_USA.CreatingExpenseReportITC_Test" name="executeTest" time="170.201"/>
</testsuite> <!-- cloud.tests.iExpense.iExpense_USA.CreatingExpenseReportITC_Test -->
