<?xml version="1.0" encoding="UTF-8"?>
<!-- Generated by org.testng.reporters.JUnitReportReporter -->
<testsuite hostname="INH-LT551" failures="0" tests="1" name="cloud.tests.iExpense.iExpense_Argentina.GeneratingPayablesITC_Test" time="111.894" errors="0" timestamp="25 Jun 2021 07:37:30 GMT" skipped="0">
  <testcase classname="cloud.tests.iExpense.iExpense_Argentina.GeneratingPayablesITC_Test" name="executeTest" time="111.894"/>
</testsuite> <!-- cloud.tests.iExpense.iExpense_Argentina.GeneratingPayablesITC_Test -->
