<?xml version="1.0" encoding="UTF-8"?>
<!-- Generated by org.testng.reporters.JUnitReportReporter -->
<testsuite skipped="0" hostname="INH-LT11" name="cloud.tests.HCM_USA.HireAnEmployeeITC_Test" tests="1" failures="0" timestamp="30 Apr 2021 07:20:39 GMT" time="177.963" errors="0">
  <testcase name="executeTest" time="177.963" classname="cloud.tests.HCM_USA.HireAnEmployeeITC_Test"/>
</testsuite> <!-- cloud.tests.HCM_USA.HireAnEmployeeITC_Test -->
