<?xml version="1.0" encoding="UTF-8"?>
<!-- Generated by org.testng.reporters.JUnitReportReporter -->
<testsuite hostname="INH-LT551" failures="0" tests="1" name="cloud.tests.GL.GL_Argentina.COAMappingMaintenanceITC_Test" time="180.443" errors="0" timestamp="24 May 2021 13:59:04 GMT" skipped="0">
  <testcase classname="cloud.tests.GL.GL_Argentina.COAMappingMaintenanceITC_Test" name="executeTest" time="180.443"/>
</testsuite> <!-- cloud.tests.GL.GL_Argentina.COAMappingMaintenanceITC_Test -->
