<?xml version="1.0" encoding="UTF-8"?>
<!-- Generated by org.testng.reporters.JUnitReportReporter -->
<testsuite skipped="0" hostname="INH-LT11" name="cloud.tests.AP_USA.CreatePaymentsITC_Test" tests="1" failures="0" timestamp="27 Apr 2021 07:13:36 GMT" time="296.813" errors="0">
  <testcase name="executeTest" time="296.813" classname="cloud.tests.AP_USA.CreatePaymentsITC_Test"/>
</testsuite> <!-- cloud.tests.AP_USA.CreatePaymentsITC_Test -->
