<?xml version="1.0" encoding="UTF-8"?>
<!-- Generated by org.testng.reporters.JUnitReportReporter -->
<testsuite skipped="0" hostname="INH-LT11" name="cloud.tests.AR.AR_USA.CreatingCreditMemosandApplyITC_Test" tests="1" failures="0" timestamp="26 May 2021 05:51:38 GMT" time="144.355" errors="0">
  <testcase name="executeTest" time="144.355" classname="cloud.tests.AR.AR_USA.CreatingCreditMemosandApplyITC_Test"/>
</testsuite> <!-- cloud.tests.AR.AR_USA.CreatingCreditMemosandApplyITC_Test -->
