<?xml version="1.0" encoding="UTF-8"?>
<!-- Generated by org.testng.reporters.JUnitReportReporter -->
<testsuite hostname="INH-LT551" failures="0" tests="1" name="cloud.tests.GL.GL_USA.EnteringJournalsManuallyITC_Test" time="242.753" errors="0" timestamp="25 May 2021 12:57:32 GMT" skipped="0">
  <testcase classname="cloud.tests.GL.GL_USA.EnteringJournalsManuallyITC_Test" name="executeTest" time="242.753"/>
</testsuite> <!-- cloud.tests.GL.GL_USA.EnteringJournalsManuallyITC_Test -->
