<?xml version="1.0" encoding="UTF-8"?>
<!-- Generated by org.testng.reporters.JUnitReportReporter -->
<testsuite skipped="0" hostname="INH-LT11" name="cloud.tests.GL_Argentina.ReversingaPostedJournalBatchITC_Test" tests="1" failures="0" timestamp="12 May 2021 06:08:28 GMT" time="100.510" errors="0">
  <testcase name="executeTest" time="100.510" classname="cloud.tests.GL_Argentina.ReversingaPostedJournalBatchITC_Test"/>
</testsuite> <!-- cloud.tests.GL_Argentina.ReversingaPostedJournalBatchITC_Test -->
