<?xml version="1.0" encoding="UTF-8"?>
<!-- Generated by org.testng.reporters.JUnitReportReporter -->
<testsuite hostname="INH-LT551" failures="0" tests="1" name="cloud.tests.AR.AR_Argentina.CreatingCreditMemosandApplyITC_Test" time="136.381" errors="0" timestamp="25 May 2021 10:23:22 GMT" skipped="0">
  <testcase classname="cloud.tests.AR.AR_Argentina.CreatingCreditMemosandApplyITC_Test" name="executeTest" time="136.381"/>
</testsuite> <!-- cloud.tests.AR.AR_Argentina.CreatingCreditMemosandApplyITC_Test -->
