<?xml version="1.0" encoding="UTF-8"?>
<!-- Generated by org.testng.reporters.JUnitReportReporter -->
<testsuite hostname="INH-LT551" failures="0" tests="1" name="cloud.tests.GL.GL_USA.CreatingParametersforRevaluationITC_Test" time="164.300" errors="0" timestamp="01 Jul 2021 14:30:46 GMT" skipped="0">
  <testcase classname="cloud.tests.GL.GL_USA.CreatingParametersforRevaluationITC_Test" name="executeTest" time="164.300"/>
</testsuite> <!-- cloud.tests.GL.GL_USA.CreatingParametersforRevaluationITC_Test -->
