<?xml version="1.0" encoding="UTF-8"?>
<!-- Generated by org.testng.reporters.JUnitReportReporter -->
<testsuite skipped="0" hostname="INH-LT11" name="cloud.tests.HCM.HCM_USA.AddingAnContingentWorkerITC_Test" tests="1" failures="0" timestamp="26 May 2021 05:31:51 GMT" time="199.276" errors="0">
  <testcase name="executeTest" time="199.276" classname="cloud.tests.HCM.HCM_USA.AddingAnContingentWorkerITC_Test"/>
</testsuite> <!-- cloud.tests.HCM.HCM_USA.AddingAnContingentWorkerITC_Test -->
