<?xml version="1.0" encoding="UTF-8"?>
<!-- Generated by org.testng.reporters.JUnitReportReporter -->
<testsuite skipped="0" hostname="INH-LT11" name="cloud.tests.HCM_Argentina.AbseneceEntryITC_Test" tests="1" failures="0" timestamp="29 Apr 2021 10:52:58 GMT" time="63.885" errors="0">
  <testcase name="executeTest" time="63.885" classname="cloud.tests.HCM_Argentina.AbseneceEntryITC_Test"/>
</testsuite> <!-- cloud.tests.HCM_Argentina.AbseneceEntryITC_Test -->
