<?xml version="1.0" encoding="UTF-8"?>
<!-- Generated by org.testng.reporters.JUnitReportReporter -->
<testsuite skipped="0" hostname="INH-LT11" name="cloud.tests.HCM.CoreHR_Argentina.HireAnEmployeeITC_Test" tests="1" failures="0" timestamp="27 May 2021 09:44:53 GMT" time="229.421" errors="0">
  <testcase name="executeTest" time="229.421" classname="cloud.tests.HCM.CoreHR_Argentina.HireAnEmployeeITC_Test"/>
</testsuite> <!-- cloud.tests.HCM.CoreHR_Argentina.HireAnEmployeeITC_Test -->
