<?xml version="1.0" encoding="UTF-8"?>
<!-- Generated by org.testng.reporters.JUnitReportReporter -->
<testsuite hostname="INH-LT551" failures="0" tests="1" name="cloud.tests.GL.GL_USA.ReversingaPostedJournalBatchITC_Test" time="137.951" errors="0" timestamp="25 Jun 2021 11:16:12 GMT" skipped="0">
  <testcase classname="cloud.tests.GL.GL_USA.ReversingaPostedJournalBatchITC_Test" name="executeTest" time="137.951"/>
</testsuite> <!-- cloud.tests.GL.GL_USA.ReversingaPostedJournalBatchITC_Test -->
