<?xml version="1.0" encoding="UTF-8"?>
<!-- Generated by org.testng.reporters.JUnitReportReporter -->
<testsuite hostname="INH-LT551" failures="0" tests="1" name="cloud.tests.GL.GL_Argentina.CreatingParametersforRevaluationITC_Test" time="219.405" errors="0" timestamp="28 Jun 2021 14:14:37 GMT" skipped="0">
  <testcase classname="cloud.tests.GL.GL_Argentina.CreatingParametersforRevaluationITC_Test" name="executeTest" time="219.405"/>
</testsuite> <!-- cloud.tests.GL.GL_Argentina.CreatingParametersforRevaluationITC_Test -->
