<?xml version="1.0" encoding="UTF-8"?>
<!-- Generated by org.testng.reporters.JUnitReportReporter -->
<testsuite hostname="INH-LT551" failures="0" tests="1" name="cloud.tests.AR.AR_USA.CreateAccountingITC_Test" time="77.813" errors="0" timestamp="29 Jun 2021 05:33:09 GMT" skipped="0">
  <testcase classname="cloud.tests.AR.AR_USA.CreateAccountingITC_Test" name="executeTest" time="77.813"/>
</testsuite> <!-- cloud.tests.AR.AR_USA.CreateAccountingITC_Test -->
