<?xml version="1.0" encoding="UTF-8"?>
<!-- Generated by org.testng.reporters.JUnitReportReporter -->
<testsuite skipped="0" hostname="INH-LT11" name="cloud.tests.AP.AP_USA.CreatingManualInvoicesITC_Test" tests="1" failures="0" timestamp="27 May 2021 06:01:06 GMT" time="167.416" errors="0">
  <testcase name="executeTest" time="167.416" classname="cloud.tests.AP.AP_USA.CreatingManualInvoicesITC_Test"/>
</testsuite> <!-- cloud.tests.AP.AP_USA.CreatingManualInvoicesITC_Test -->
