<?xml version="1.0" encoding="UTF-8"?>
<!-- Generated by org.testng.reporters.JUnitReportReporter -->
<testsuite skipped="0" hostname="INH-LT11" name="cloud.tests.GL_Argentina.OpeningPeriodsITC_Test" tests="1" failures="0" timestamp="13 May 2021 06:50:14 GMT" time="59.470" errors="0">
  <testcase name="executeTest" time="59.470" classname="cloud.tests.GL_Argentina.OpeningPeriodsITC_Test"/>
</testsuite> <!-- cloud.tests.GL_Argentina.OpeningPeriodsITC_Test -->
