<?xml version="1.0" encoding="UTF-8"?>
<!-- Generated by org.testng.reporters.JUnitReportReporter -->
<testsuite hostname="INH-LT551" failures="0" tests="1" name="cloud.tests.iExpense.iExpense_Argentina.AuditingExpenseReportITC_Test" time="505.577" errors="0" timestamp="10 Jun 2021 11:03:33 GMT" skipped="0">
  <testcase classname="cloud.tests.iExpense.iExpense_Argentina.AuditingExpenseReportITC_Test" name="executeTest" time="505.577"/>
</testsuite> <!-- cloud.tests.iExpense.iExpense_Argentina.AuditingExpenseReportITC_Test -->
