<?xml version="1.0" encoding="UTF-8"?>
<!-- Generated by org.testng.reporters.JUnitReportReporter -->
<testsuite hostname="INH-LT551" failures="0" tests="1" name="cloud.tests.GL.GL_USA.EnteringJournalsManuallyITC_Test" time="222.058" errors="0" timestamp="01 Jul 2021 13:05:14 GMT" skipped="0">
  <testcase classname="cloud.tests.GL.GL_USA.EnteringJournalsManuallyITC_Test" name="executeTest" time="222.058"/>
</testsuite> <!-- cloud.tests.GL.GL_USA.EnteringJournalsManuallyITC_Test -->
