<?xml version="1.0" encoding="UTF-8"?>
<!-- Generated by org.testng.reporters.JUnitReportReporter -->
<testsuite skipped="0" hostname="INH-LT11" name="cloud.tests.GL.GL_Argentina.OpeningPeriodsITC_Test" tests="1" failures="0" timestamp="26 May 2021 06:11:11 GMT" time="74.314" errors="0">
  <testcase name="executeTest" time="74.314" classname="cloud.tests.GL.GL_Argentina.OpeningPeriodsITC_Test"/>
</testsuite> <!-- cloud.tests.GL.GL_Argentina.OpeningPeriodsITC_Test -->
