<?xml version="1.0" encoding="UTF-8"?>
<!-- Generated by org.testng.reporters.JUnitReportReporter -->
<testsuite skipped="0" hostname="INH-LT11" name="cloud.tests.HCM_India.TimeEntryITC_Test" tests="1" failures="0" timestamp="05 May 2021 06:29:14 GMT" time="131.040" errors="0">
  <testcase name="executeTest" time="131.040" classname="cloud.tests.HCM_India.TimeEntryITC_Test"/>
</testsuite> <!-- cloud.tests.HCM_India.TimeEntryITC_Test -->
