<?xml version="1.0" encoding="UTF-8"?>
<!-- Generated by org.testng.reporters.JUnitReportReporter -->
<testsuite skipped="0" hostname="INH-LT11" name="cloud.tests.HCM_India.AddingAnContingentWorkerITC_Test" tests="1" failures="0" timestamp="03 May 2021 09:39:14 GMT" time="175.000" errors="0">
  <testcase name="executeTest" time="175.000" classname="cloud.tests.HCM_India.AddingAnContingentWorkerITC_Test"/>
</testsuite> <!-- cloud.tests.HCM_India.AddingAnContingentWorkerITC_Test -->
