<?xml version="1.0" encoding="UTF-8"?>
<!-- Generated by org.testng.reporters.JUnitReportReporter -->
<testsuite skipped="0" hostname="INH-LT11" name="cloud.tests.HCM.CoreHR_USA.HireAnEmployeeITC_Test" tests="1" failures="0" timestamp="27 May 2021 15:35:07 GMT" time="246.210" errors="0">
  <testcase name="executeTest" time="246.210" classname="cloud.tests.HCM.CoreHR_USA.HireAnEmployeeITC_Test"/>
</testsuite> <!-- cloud.tests.HCM.CoreHR_USA.HireAnEmployeeITC_Test -->
